<?xml version="1.0" encoding="UTF-8"?>
<!-- Generated by org.testng.reporters.JUnitXMLReporter -->
<testsuite hostname="LAPTOP-NAHQLI7L" failures="0" tests="4" name="Surefire test" time="20.301" errors="0" timestamp="26 May 2025 13:46:29 GMT">
  <testcase classname="HackerTyperTest" name="buscarSitioPorNombre" time="6.39"/>
  <testcase classname="HackerTyperTest" name="clickEnPrimerSitioListado" time="3.751"/>
  <testcase classname="HackerTyperTest" name="escribirComoHacker" time="4.615"/>
  <testcase classname="HackerTyperTest" name="verificarTituloDeBrowse" time="3.027"/>
</testsuite> <!-- Surefire test -->
