<?xml version="1.0" encoding="UTF-8"?>
<testng-results total="4" passed="4" failed="0" skipped="0">
  <reporter-output>
  </reporter-output>
  <suite started-at="2025-05-26T15:59:46Z" name="Surefire suite" finished-at="2025-05-26T15:59:53Z" duration-ms="6846">
    <groups>
    </groups>
    <test started-at="2025-05-26T15:59:46Z" name="Surefire test" finished-at="2025-05-26T15:59:53Z" duration-ms="6846">
      <class name="ReclamosTest">
        <test-method is-config="true" signature="setUp()[pri:0, instance:ReclamosTest@120d6fe6]" started-at="2025-05-26T11:59:46Z" name="setUp" finished-at="2025-05-26T11:59:48Z" duration-ms="1433" status="PASS">
          <reporter-output>
          </reporter-output>
        </test-method> <!-- setUp -->
        <test-method is-config="true" signature="beforeEachTest()[pri:0, instance:ReclamosTest@120d6fe6]" started-at="2025-05-26T11:59:48Z" name="beforeEachTest" finished-at="2025-05-26T11:59:48Z" duration-ms="17" status="PASS">
          <reporter-output>
          </reporter-output>
        </test-method> <!-- beforeEachTest -->
        <test-method signature="verificarCamposObligatorios()[pri:0, instance:ReclamosTest@120d6fe6]" started-at="2025-05-26T11:59:48Z" name="verificarCamposObligatorios" finished-at="2025-05-26T11:59:49Z" duration-ms="822" status="PASS">
          <reporter-output>
          </reporter-output>
        </test-method> <!-- verificarCamposObligatorios -->
        <test-method is-config="true" signature="afterEachTest()[pri:0, instance:ReclamosTest@120d6fe6]" started-at="2025-05-26T11:59:49Z" name="afterEachTest" finished-at="2025-05-26T11:59:49Z" duration-ms="6" status="PASS">
          <reporter-output>
          </reporter-output>
        </test-method> <!-- afterEachTest -->
        <test-method is-config="true" signature="beforeEachTest()[pri:0, instance:ReclamosTest@120d6fe6]" started-at="2025-05-26T11:59:49Z" name="beforeEachTest" finished-at="2025-05-26T11:59:49Z" duration-ms="3" status="PASS">
          <reporter-output>
          </reporter-output>
        </test-method> <!-- beforeEachTest -->
        <test-method signature="verificarFormularioReclamosCompleto()[pri:0, instance:ReclamosTest@120d6fe6]" started-at="2025-05-26T11:59:49Z" name="verificarFormularioReclamosCompleto" finished-at="2025-05-26T11:59:51Z" duration-ms="2041" status="PASS">
          <reporter-output>
          </reporter-output>
        </test-method> <!-- verificarFormularioReclamosCompleto -->
        <test-method is-config="true" signature="afterEachTest()[pri:0, instance:ReclamosTest@120d6fe6]" started-at="2025-05-26T11:59:51Z" name="afterEachTest" finished-at="2025-05-26T11:59:51Z" duration-ms="6" status="PASS">
          <reporter-output>
          </reporter-output>
        </test-method> <!-- afterEachTest -->
        <test-method is-config="true" signature="beforeEachTest()[pri:0, instance:ReclamosTest@120d6fe6]" started-at="2025-05-26T11:59:51Z" name="beforeEachTest" finished-at="2025-05-26T11:59:51Z" duration-ms="3" status="PASS">
          <reporter-output>
          </reporter-output>
        </test-method> <!-- beforeEachTest -->
        <test-method signature="verificarOpcionesSelectDepartamento()[pri:0, instance:ReclamosTest@120d6fe6]" started-at="2025-05-26T11:59:51Z" name="verificarOpcionesSelectDepartamento" finished-at="2025-05-26T11:59:52Z" duration-ms="1588" status="PASS">
          <reporter-output>
          </reporter-output>
        </test-method> <!-- verificarOpcionesSelectDepartamento -->
        <test-method is-config="true" signature="afterEachTest()[pri:0, instance:ReclamosTest@120d6fe6]" started-at="2025-05-26T11:59:52Z" name="afterEachTest" finished-at="2025-05-26T11:59:52Z" duration-ms="6" status="PASS">
          <reporter-output>
          </reporter-output>
        </test-method> <!-- afterEachTest -->
        <test-method is-config="true" signature="beforeEachTest()[pri:0, instance:ReclamosTest@120d6fe6]" started-at="2025-05-26T11:59:52Z" name="beforeEachTest" finished-at="2025-05-26T11:59:52Z" duration-ms="6" status="PASS">
          <reporter-output>
          </reporter-output>
        </test-method> <!-- beforeEachTest -->
        <test-method signature="verificarOpcionesSelectTipoReclamo()[pri:0, instance:ReclamosTest@120d6fe6]" started-at="2025-05-26T11:59:52Z" name="verificarOpcionesSelectTipoReclamo" finished-at="2025-05-26T11:59:53Z" duration-ms="597" status="PASS">
          <reporter-output>
          </reporter-output>
        </test-method> <!-- verificarOpcionesSelectTipoReclamo -->
        <test-method is-config="true" signature="afterEachTest()[pri:0, instance:ReclamosTest@120d6fe6]" started-at="2025-05-26T11:59:53Z" name="afterEachTest" finished-at="2025-05-26T11:59:53Z" duration-ms="6" status="PASS">
          <reporter-output>
          </reporter-output>
        </test-method> <!-- afterEachTest -->
        <test-method is-config="true" signature="tearDown()[pri:0, instance:ReclamosTest@120d6fe6]" started-at="2025-05-26T11:59:53Z" name="tearDown" finished-at="2025-05-26T11:59:53Z" duration-ms="302" status="PASS">
          <reporter-output>
          </reporter-output>
        </test-method> <!-- tearDown -->
      </class> <!-- ReclamosTest -->
    </test> <!-- Surefire test -->
  </suite> <!-- Surefire suite -->
</testng-results>
